Using pre-set license
Built from '2021.1/staging' branch; Version is '2021.1.5f1 (3737af19df53) revision 3618735'; Using compiler version '192528614'; Build Type 'Release'
OS: 'Windows 10 Home; OS build 19042.928; Version 2009; 64bit' Language: 'nl' Physical Memory: 16335 MB
BatchMode: 1, IsHumanControllingUs: 0, StartBugReporterOnCrash: 0, Is64bit: 1, IsPro: 0

 COMMAND LINE ARGUMENTS:
D:\Unity\Unity edits\2021.1.5f1\Editor\Unity.exe
-adb2
-batchMode
-noUpm
-name
AssetImportWorker0
-projectPath
D:/sem 2/DOT3/Run for Fun
-logFile
Logs/AssetImportWorker0.log
-srvPort
58763
Successfully changed project path to: D:/sem 2/DOT3/Run for Fun
D:/sem 2/DOT3/Run for Fun
Using Asset Import Pipeline V2.
Refreshing native plugins compatible for Editor in 302.05 ms, found 1 plugins.
Preloading 0 native plugins for Editor in 0.00 ms.
Initialize engine version: 2021.1.5f1 (3737af19df53)
[Subsystems] Discovering subsystems at path D:/Unity/Unity edits/2021.1.5f1/Editor/Data/Resources/UnitySubsystems
[Subsystems] Discovering subsystems at path D:/sem 2/DOT3/Run for Fun/Assets
GfxDevice: creating device client; threaded=0; jobified=0
Direct3D:
    Version:  Direct3D 11.0 [level 11.1]
    Renderer: NVIDIA GeForce GTX 1060 (ID=0x1c60)
    Vendor:   NVIDIA
    VRAM:     6052 MB
    Driver:   27.21.14.5763
Initialize mono
Mono path[0] = 'D:/Unity/Unity edits/2021.1.5f1/Editor/Data/Managed'
Mono path[1] = 'D:/Unity/Unity edits/2021.1.5f1/Editor/Data/MonoBleedingEdge/lib/mono/unityjit'
Mono config path = 'D:/Unity/Unity edits/2021.1.5f1/Editor/Data/MonoBleedingEdge/etc'
Using monoOptions --debugger-agent=transport=dt_socket,embedding=1,server=y,suspend=n,address=127.0.0.1:56100
Begin MonoManager ReloadAssembly
Registering precompiled unity dll's ...
Register platform support module: D:/Unity/Unity edits/2021.1.5f1/Editor/Data/PlaybackEngines/WindowsStandaloneSupport/UnityEditor.WindowsStandalone.Extensions.dll
Registered in 0.002169 seconds.
Native extension for WindowsStandalone target not found
Refreshing native plugins compatible for Editor in 125.49 ms, found 1 plugins.
Preloading 0 native plugins for Editor in 0.00 ms.
Mono: successfully reloaded assembly
- Completed reload, in  5.078 seconds
Platform modules already initialized, skipping
Registering precompiled user dll's ...
Registered in 0.010880 seconds.
Begin MonoManager ReloadAssembly
Symbol file LoadedFromMemory is not a mono symbol file
Symbol file LoadedFromMemory is not a mono symbol file
Native extension for WindowsStandalone target not found
Refreshing native plugins compatible for Editor in 1.21 ms, found 1 plugins.
Preloading 0 native plugins for Editor in 0.00 ms.
Mono: successfully reloaded assembly
- Completed reload, in  1.458 seconds
Platform modules already initialized, skipping
========================================================================
Worker process is ready to serve import requests
Launched and connected shader compiler UnityShaderCompiler.exe after 0.07 seconds
Refreshing native plugins compatible for Editor in 1.35 ms, found 1 plugins.
Preloading 0 native plugins for Editor in 0.00 ms.
Unloading 3514 Unused Serialized files (Serialized files now loaded: 0)
System memory in use before: 126.8 MB.
System memory in use after: 127.0 MB.

Unloading 65 unused Assets to reduce memory usage. Loaded Objects now: 3918.
Total: 3.553700 ms (FindLiveObjects: 0.452900 ms CreateObjectMapping: 0.298700 ms MarkObjects: 2.683200 ms  DeleteObjects: 0.117600 ms)

========================================================================
Received Import Request.
  path: Assets/Photon/PhotonUnityNetworking/Resources/PhotonServerSettings.asset
  artifactKey: Guid(b17065025ba20ff439fc45e5e763f688) Importer(815301076,1909f56bfc062723c751e8b465ee728b)
Start importing Assets/Photon/PhotonUnityNetworking/Resources/PhotonServerSettings.asset using Guid(b17065025ba20ff439fc45e5e763f688) Importer(815301076,1909f56bfc062723c751e8b465ee728b)  -> (artifact id: '7f1bf4f4b56a981b5c780a3aa6f0f5c4') in 0.060882 seconds 
========================================================================
Received Import Request.
  Time since last request: 621.179864 seconds.
  path: Assets/Photon/PhotonUnityNetworking/Resources/PhotonServerSettings.asset
  artifactKey: Guid(b17065025ba20ff439fc45e5e763f688) Importer(815301076,1909f56bfc062723c751e8b465ee728b)
Start importing Assets/Photon/PhotonUnityNetworking/Resources/PhotonServerSettings.asset using Guid(b17065025ba20ff439fc45e5e763f688) Importer(815301076,1909f56bfc062723c751e8b465ee728b)  -> (artifact id: '0d073c5be571e5d93e94059c70b5018e') in 0.011769 seconds 
========================================================================
Received Import Request.
  Time since last request: 339.153921 seconds.
  path: Assets
  artifactKey: Guid(00000000000000001000000000000000) Importer(815301076,1909f56bfc062723c751e8b465ee728b)
Start importing Assets using Guid(00000000000000001000000000000000) Importer(815301076,1909f56bfc062723c751e8b465ee728b)  -> (artifact id: '42d402b061de3733987d63b9cc3b64de') in 0.013788 seconds 
========================================================================
Received Prepare
Registering precompiled user dll's ...
Registered in 0.091753 seconds.
Begin MonoManager ReloadAssembly
Symbol file LoadedFromMemory is not a mono symbol file
Symbol file LoadedFromMemory is not a mono symbol file
Native extension for WindowsStandalone target not found
Refreshing native plugins compatible for Editor in 1.37 ms, found 1 plugins.
Preloading 0 native plugins for Editor in 0.00 ms.
Mono: successfully reloaded assembly
- Completed reload, in  1.387 seconds
Platform modules already initialized, skipping
Switching build target platform(19) subTarget(0) extendedPlatform(0) -> platform(13) subTarget(537395200) extendedPlatform(0)
Refreshing native plugins compatible for Editor in 1.09 ms, found 1 plugins.
Preloading 0 native plugins for Editor in 0.00 ms.
Unloading 3510 Unused Serialized files (Serialized files now loaded: 0)
System memory in use before: 126.0 MB.
System memory in use after: 126.2 MB.

Unloading 59 unused Assets to reduce memory usage. Loaded Objects now: 3926.
Total: 2.646600 ms (FindLiveObjects: 0.263100 ms CreateObjectMapping: 0.219600 ms MarkObjects: 2.057500 ms  DeleteObjects: 0.105700 ms)

AssetImportParameters requested are different than current active one (requested -> active):
  custom:graphics/normal-map-encoding: 01000000000000000000000000000000 -> 02000000000000000000000000000000
========================================================================
Received Import Request.
  Time since last request: 47.825689 seconds.
  path: Assets/Scripts
  artifactKey: Guid(e6f7ce2b6e0e9dd4397ef44cadebcc46) Importer(815301076,1909f56bfc062723c751e8b465ee728b)
Start importing Assets/Scripts using Guid(e6f7ce2b6e0e9dd4397ef44cadebcc46) Importer(815301076,1909f56bfc062723c751e8b465ee728b)  -> (artifact id: 'c409584c353984ffb42947be4f06517d') in 0.097862 seconds 
========================================================================
Received Import Request.
  Time since last request: 4.263297 seconds.
  path: Assets/ScoreManager.cs
  artifactKey: Guid(355706f0d7fcb7a4aa34c9f73a3f92c1) Importer(815301076,1909f56bfc062723c751e8b465ee728b)
Start importing Assets/ScoreManager.cs using Guid(355706f0d7fcb7a4aa34c9f73a3f92c1) Importer(815301076,1909f56bfc062723c751e8b465ee728b)  -> (artifact id: '8d302e18f4c4e7d75631335fca41ff1a') in 0.019681 seconds 
========================================================================
Received Import Request.
  Time since last request: 25.032781 seconds.
  path: Assets/MoveAlongCamera.cs
  artifactKey: Guid(fbcd73bfb8bc7dd4aa1b8206a58f14e2) Importer(815301076,1909f56bfc062723c751e8b465ee728b)
Start importing Assets/MoveAlongCamera.cs using Guid(fbcd73bfb8bc7dd4aa1b8206a58f14e2) Importer(815301076,1909f56bfc062723c751e8b465ee728b)  -> (artifact id: '299ceeac5cd7432955a5a93bd668b961') in 0.062578 seconds 
========================================================================
Received Prepare
Registering precompiled user dll's ...
Registered in 0.019399 seconds.
Begin MonoManager ReloadAssembly
Symbol file LoadedFromMemory is not a mono symbol file
Symbol file LoadedFromMemory is not a mono symbol file
Native extension for WindowsStandalone target not found
Refreshing native plugins compatible for Editor in 1.21 ms, found 1 plugins.
Preloading 0 native plugins for Editor in 0.00 ms.
Mono: successfully reloaded assembly
- Completed reload, in  1.664 seconds
Platform modules already initialized, skipping
Switching build target platform(19) subTarget(0) extendedPlatform(0) -> platform(13) subTarget(537395200) extendedPlatform(0)
Refreshing native plugins compatible for Editor in 1.04 ms, found 1 plugins.
Preloading 0 native plugins for Editor in 0.00 ms.
Unloading 3510 Unused Serialized files (Serialized files now loaded: 0)
System memory in use before: 126.1 MB.
System memory in use after: 126.3 MB.

Unloading 59 unused Assets to reduce memory usage. Loaded Objects now: 3930.
Total: 2.898100 ms (FindLiveObjects: 0.449200 ms CreateObjectMapping: 0.293300 ms MarkObjects: 2.078200 ms  DeleteObjects: 0.076500 ms)

AssetImportParameters requested are different than current active one (requested -> active):
  custom:graphics/normal-map-encoding: 01000000000000000000000000000000 -> 02000000000000000000000000000000
========================================================================
Received Prepare
Registering precompiled user dll's ...
Registered in 0.096393 seconds.
Begin MonoManager ReloadAssembly
Symbol file LoadedFromMemory is not a mono symbol file
Symbol file LoadedFromMemory is not a mono symbol file
Native extension for WindowsStandalone target not found
Refreshing native plugins compatible for Editor in 1.06 ms, found 1 plugins.
Preloading 0 native plugins for Editor in 0.00 ms.
Mono: successfully reloaded assembly
- Completed reload, in  9.128 seconds
Platform modules already initialized, skipping
Switching build target platform(19) subTarget(0) extendedPlatform(0) -> platform(13) subTarget(537395200) extendedPlatform(0)
Refreshing native plugins compatible for Editor in 2.08 ms, found 1 plugins.
Preloading 0 native plugins for Editor in 0.00 ms.
Unloading 3510 Unused Serialized files (Serialized files now loaded: 0)
System memory in use before: 126.1 MB.
System memory in use after: 126.3 MB.

Unloading 59 unused Assets to reduce memory usage. Loaded Objects now: 3934.
Total: 8.941200 ms (FindLiveObjects: 0.300600 ms CreateObjectMapping: 0.726700 ms MarkObjects: 7.847400 ms  DeleteObjects: 0.065300 ms)

AssetImportParameters requested are different than current active one (requested -> active):
  custom:graphics/normal-map-encoding: 01000000000000000000000000000000 -> 02000000000000000000000000000000
========================================================================
Received Prepare
Registering precompiled user dll's ...
Registered in 0.011753 seconds.
Begin MonoManager ReloadAssembly
Symbol file LoadedFromMemory is not a mono symbol file
Symbol file LoadedFromMemory is not a mono symbol file
Native extension for WindowsStandalone target not found
Refreshing native plugins compatible for Editor in 1.07 ms, found 1 plugins.
Preloading 0 native plugins for Editor in 0.00 ms.
Mono: successfully reloaded assembly
- Completed reload, in  1.384 seconds
Platform modules already initialized, skipping
Switching build target platform(19) subTarget(0) extendedPlatform(0) -> platform(13) subTarget(537395200) extendedPlatform(0)
Refreshing native plugins compatible for Editor in 1.10 ms, found 1 plugins.
Preloading 0 native plugins for Editor in 0.00 ms.
Unloading 3510 Unused Serialized files (Serialized files now loaded: 0)
System memory in use before: 126.1 MB.
System memory in use after: 126.3 MB.

Unloading 59 unused Assets to reduce memory usage. Loaded Objects now: 3938.
Total: 2.718000 ms (FindLiveObjects: 0.306900 ms CreateObjectMapping: 0.249200 ms MarkObjects: 2.093800 ms  DeleteObjects: 0.066900 ms)

AssetImportParameters requested are different than current active one (requested -> active):
  custom:graphics/normal-map-encoding: 01000000000000000000000000000000 -> 02000000000000000000000000000000
========================================================================
Received Import Request.
  Time since last request: 81.282249 seconds.
  path: Assets/Scripts/PlayerCam.cs
  artifactKey: Guid(68ebe66e5976224428bace1ccec49152) Importer(815301076,1909f56bfc062723c751e8b465ee728b)
Start importing Assets/Scripts/PlayerCam.cs using Guid(68ebe66e5976224428bace1ccec49152) Importer(815301076,1909f56bfc062723c751e8b465ee728b)  -> (artifact id: 'ee021c607dae6e0aa8bb025f69ae5322') in 0.047803 seconds 
========================================================================
Received Prepare
Registering precompiled user dll's ...
Registered in 0.021558 seconds.
Begin MonoManager ReloadAssembly
Symbol file LoadedFromMemory is not a mono symbol file
Symbol file LoadedFromMemory is not a mono symbol file
Native extension for WindowsStandalone target not found
Refreshing native plugins compatible for Editor in 1.07 ms, found 1 plugins.
Preloading 0 native plugins for Editor in 0.00 ms.
Mono: successfully reloaded assembly
- Completed reload, in  1.448 seconds
Platform modules already initialized, skipping
Switching build target platform(19) subTarget(0) extendedPlatform(0) -> platform(13) subTarget(537395200) extendedPlatform(0)
Refreshing native plugins compatible for Editor in 1.13 ms, found 1 plugins.
Preloading 0 native plugins for Editor in 0.00 ms.
Unloading 3509 Unused Serialized files (Serialized files now loaded: 0)
System memory in use before: 126.1 MB.
System memory in use after: 126.3 MB.

Unloading 60 unused Assets to reduce memory usage. Loaded Objects now: 3941.
Total: 2.907000 ms (FindLiveObjects: 0.437400 ms CreateObjectMapping: 0.241300 ms MarkObjects: 2.162000 ms  DeleteObjects: 0.064900 ms)

AssetImportParameters requested are different than current active one (requested -> active):
  custom:graphics/normal-map-encoding: 01000000000000000000000000000000 -> 02000000000000000000000000000000
========================================================================
Received Import Request.
  Time since last request: 63.388555 seconds.
  path: Assets/Scripts/Player.cs
  artifactKey: Guid(b6d9127b3ff33354db71f8fd291fcf2d) Importer(815301076,1909f56bfc062723c751e8b465ee728b)
Start importing Assets/Scripts/Player.cs using Guid(b6d9127b3ff33354db71f8fd291fcf2d) Importer(815301076,1909f56bfc062723c751e8b465ee728b)  -> (artifact id: 'f195b0c8147b34df2b401edd704b2cb3') in 0.047246 seconds 
========================================================================
Received Import Request.
  Time since last request: 128.224875 seconds.
  path: Assets/Scripts/Flag.cs
  artifactKey: Guid(c537296f88169a9479a5af2d83d88f3d) Importer(815301076,1909f56bfc062723c751e8b465ee728b)
Start importing Assets/Scripts/Flag.cs using Guid(c537296f88169a9479a5af2d83d88f3d) Importer(815301076,1909f56bfc062723c751e8b465ee728b)  -> (artifact id: '773131616ff5132889a36d3e79dce7cf') in 0.007439 seconds 
========================================================================
Received Import Request.
  Time since last request: 337.552888 seconds.
  path: Assets/Scripts/HelloWorldManager.cs
  artifactKey: Guid(0a9973dd329f5d542b890c5741e3110f) Importer(815301076,1909f56bfc062723c751e8b465ee728b)
Start importing Assets/Scripts/HelloWorldManager.cs using Guid(0a9973dd329f5d542b890c5741e3110f) Importer(815301076,1909f56bfc062723c751e8b465ee728b)  -> (artifact id: 'de11302a5033fb6364d2d6ea595aacd1') in 0.531991 seconds 
========================================================================
Received Prepare
Registering precompiled user dll's ...
Registered in 0.011718 seconds.
Begin MonoManager ReloadAssembly
Symbol file LoadedFromMemory is not a mono symbol file
Symbol file LoadedFromMemory is not a mono symbol file
Native extension for WindowsStandalone target not found
Refreshing native plugins compatible for Editor in 1.07 ms, found 1 plugins.
Preloading 0 native plugins for Editor in 0.00 ms.
Mono: successfully reloaded assembly
- Completed reload, in  1.463 seconds
Platform modules already initialized, skipping
Switching build target platform(19) subTarget(0) extendedPlatform(0) -> platform(13) subTarget(537395200) extendedPlatform(0)
Refreshing native plugins compatible for Editor in 1.03 ms, found 1 plugins.
Preloading 0 native plugins for Editor in 0.00 ms.
Unloading 3509 Unused Serialized files (Serialized files now loaded: 0)
System memory in use before: 126.1 MB.
System memory in use after: 126.3 MB.

Unloading 59 unused Assets to reduce memory usage. Loaded Objects now: 3945.
Total: 2.905400 ms (FindLiveObjects: 0.300000 ms CreateObjectMapping: 0.369200 ms MarkObjects: 2.122300 ms  DeleteObjects: 0.113100 ms)

AssetImportParameters requested are different than current active one (requested -> active):
  custom:graphics/normal-map-encoding: 01000000000000000000000000000000 -> 02000000000000000000000000000000
========================================================================
Received Import Request.
  Time since last request: 545.254612 seconds.
  path: Assets/PlayerTarget.prefab
  artifactKey: Guid(e9628a3f614d7ee47ad221419f49aecf) Importer(815301076,1909f56bfc062723c751e8b465ee728b)
Start importing Assets/PlayerTarget.prefab using Guid(e9628a3f614d7ee47ad221419f49aecf) Importer(815301076,1909f56bfc062723c751e8b465ee728b)  -> (artifact id: 'b2311732d11d59e36c9a5043a9111fdb') in 0.950640 seconds 
========================================================================
Received Prepare
Registering precompiled user dll's ...
Registered in 0.035415 seconds.
Begin MonoManager ReloadAssembly
Symbol file LoadedFromMemory is not a mono symbol file
Symbol file LoadedFromMemory is not a mono symbol file
Native extension for WindowsStandalone target not found
Refreshing native plugins compatible for Editor in 1.07 ms, found 1 plugins.
Preloading 0 native plugins for Editor in 0.00 ms.
Mono: successfully reloaded assembly
- Completed reload, in  1.309 seconds
Platform modules already initialized, skipping
Switching build target platform(19) subTarget(0) extendedPlatform(0) -> platform(13) subTarget(537395200) extendedPlatform(0)
Refreshing native plugins compatible for Editor in 1.12 ms, found 1 plugins.
Preloading 0 native plugins for Editor in 0.00 ms.
Unloading 3510 Unused Serialized files (Serialized files now loaded: 0)
System memory in use before: 130.3 MB.
System memory in use after: 130.5 MB.

Unloading 59 unused Assets to reduce memory usage. Loaded Objects now: 3957.
Total: 3.661800 ms (FindLiveObjects: 0.420000 ms CreateObjectMapping: 0.370000 ms MarkObjects: 2.799300 ms  DeleteObjects: 0.071200 ms)

AssetImportParameters requested are different than current active one (requested -> active):
  custom:graphics/normal-map-encoding: 01000000000000000000000000000000 -> 02000000000000000000000000000000
========================================================================
Received Import Request.
  Time since last request: 1734.294907 seconds.
  path: Assets/MultiplayerManager.cs
  artifactKey: Guid(3b0e4a0d0a6a5854f87584974f6f5d50) Importer(815301076,1909f56bfc062723c751e8b465ee728b)
Start importing Assets/MultiplayerManager.cs using Guid(3b0e4a0d0a6a5854f87584974f6f5d50) Importer(815301076,1909f56bfc062723c751e8b465ee728b)  -> (artifact id: '94ced9b4a8e3217379a28bd3a6f2fae7') in 0.033175 seconds 
========================================================================
Received Import Request.
  Time since last request: 899.126965 seconds.
  path: Assets/MultiplayerManager.cs
  artifactKey: Guid(3b0e4a0d0a6a5854f87584974f6f5d50) Importer(815301076,1909f56bfc062723c751e8b465ee728b)
Start importing Assets/MultiplayerManager.cs using Guid(3b0e4a0d0a6a5854f87584974f6f5d50) Importer(815301076,1909f56bfc062723c751e8b465ee728b)  -> (artifact id: '714b2445925f9cb024a85ba8e4ec5887') in 0.011660 seconds 
========================================================================
Received Import Request.
  Time since last request: 139.435696 seconds.
  path: Assets/Menu.unity
  artifactKey: Guid(e19d0174804a87440a15e69642935ade) Importer(815301076,1909f56bfc062723c751e8b465ee728b)
Start importing Assets/Menu.unity using Guid(e19d0174804a87440a15e69642935ade) Importer(815301076,1909f56bfc062723c751e8b465ee728b)  -> (artifact id: '5b268655f2d213c65a059ff78c5fca2d') in 0.042377 seconds 
========================================================================
Received Import Request.
  Time since last request: 91.957279 seconds.
  path: Assets/Mapbox/Examples
  artifactKey: Guid(f8423c737b7de472293248d205081118) Importer(815301076,1909f56bfc062723c751e8b465ee728b)
Start importing Assets/Mapbox/Examples using Guid(f8423c737b7de472293248d205081118) Importer(815301076,1909f56bfc062723c751e8b465ee728b)  -> (artifact id: 'b4bafa673b35750acb0a1e0a765f43ff') in 0.025510 seconds 
========================================================================
Received Import Request.
  Time since last request: 8.159221 seconds.
  path: Assets/Location-basedGame.unity
  artifactKey: Guid(42f6aa7ce7a604f16ade319663f46ceb) Importer(815301076,1909f56bfc062723c751e8b465ee728b)
Start importing Assets/Location-basedGame.unity using Guid(42f6aa7ce7a604f16ade319663f46ceb) Importer(815301076,1909f56bfc062723c751e8b465ee728b)  -> (artifact id: 'a9303f076f4912e14a3fb31a5ae82fdb') in 0.012276 seconds 
========================================================================
Received Import Request.
  Time since last request: 9.352452 seconds.
  path: Assets/Game.unity
  artifactKey: Guid(42f6aa7ce7a604f16ade319663f46ceb) Importer(815301076,1909f56bfc062723c751e8b465ee728b)
Start importing Assets/Game.unity using Guid(42f6aa7ce7a604f16ade319663f46ceb) Importer(815301076,1909f56bfc062723c751e8b465ee728b)  -> (artifact id: 'cbafb28bc3b1f769566c234a82c9a59c') in 0.021047 seconds 
========================================================================
Received Import Request.
  Time since last request: 837.213741 seconds.
  path: Assets/MultiplayerManager.cs
  artifactKey: Guid(3b0e4a0d0a6a5854f87584974f6f5d50) Importer(815301076,1909f56bfc062723c751e8b465ee728b)
Start importing Assets/MultiplayerManager.cs using Guid(3b0e4a0d0a6a5854f87584974f6f5d50) Importer(815301076,1909f56bfc062723c751e8b465ee728b)  -> (artifact id: '22834556d4afe54f0b21d6f0114ed298') in 0.031225 seconds 
========================================================================
Received Import Request.
  Time since last request: 145.375233 seconds.
  path: Assets/RandomObjectDistribution.cs
  artifactKey: Guid(6d3248fc6853e0844a6ec80dd62c27e4) Importer(815301076,1909f56bfc062723c751e8b465ee728b)
Start importing Assets/RandomObjectDistribution.cs using Guid(6d3248fc6853e0844a6ec80dd62c27e4) Importer(815301076,1909f56bfc062723c751e8b465ee728b)  -> (artifact id: '19c17fe6463849cf0ce5c57a24976665') in 0.049078 seconds 
========================================================================
Received Prepare
Registering precompiled user dll's ...
Registered in 0.607415 seconds.
Begin MonoManager ReloadAssembly
Symbol file LoadedFromMemory is not a mono symbol file
Symbol file LoadedFromMemory is not a mono symbol file
Native extension for WindowsStandalone target not found
Refreshing native plugins compatible for Editor in 1.10 ms, found 1 plugins.
Preloading 0 native plugins for Editor in 0.00 ms.
Mono: successfully reloaded assembly
- Completed reload, in  5.952 seconds
Platform modules already initialized, skipping
Switching build target platform(19) subTarget(0) extendedPlatform(0) -> platform(13) subTarget(537395200) extendedPlatform(0)
Refreshing native plugins compatible for Editor in 1.09 ms, found 1 plugins.
Preloading 0 native plugins for Editor in 0.00 ms.
Unloading 3510 Unused Serialized files (Serialized files now loaded: 0)
System memory in use before: 130.3 MB.
System memory in use after: 130.6 MB.

Unloading 60 unused Assets to reduce memory usage. Loaded Objects now: 3961.
Total: 3.100400 ms (FindLiveObjects: 0.427700 ms CreateObjectMapping: 0.395900 ms MarkObjects: 2.159300 ms  DeleteObjects: 0.116000 ms)

AssetImportParameters requested are different than current active one (requested -> active):
  custom:graphics/normal-map-encoding: 01000000000000000000000000000000 -> 02000000000000000000000000000000
========================================================================
Received Prepare
Registering precompiled user dll's ...
Registered in 0.011989 seconds.
Begin MonoManager ReloadAssembly
Symbol file LoadedFromMemory is not a mono symbol file
Symbol file LoadedFromMemory is not a mono symbol file
Native extension for WindowsStandalone target not found
Refreshing native plugins compatible for Editor in 1.24 ms, found 1 plugins.
Preloading 0 native plugins for Editor in 0.00 ms.
Mono: successfully reloaded assembly
- Completed reload, in  1.372 seconds
Platform modules already initialized, skipping
Switching build target platform(19) subTarget(0) extendedPlatform(0) -> platform(13) subTarget(537395200) extendedPlatform(0)
Refreshing native plugins compatible for Editor in 1.61 ms, found 1 plugins.
Preloading 0 native plugins for Editor in 0.00 ms.
Unloading 3510 Unused Serialized files (Serialized files now loaded: 0)
System memory in use before: 130.3 MB.
System memory in use after: 130.6 MB.

Unloading 59 unused Assets to reduce memory usage. Loaded Objects now: 3965.
Total: 3.290400 ms (FindLiveObjects: 0.310800 ms CreateObjectMapping: 0.238600 ms MarkObjects: 2.673300 ms  DeleteObjects: 0.066300 ms)

AssetImportParameters requested are different than current active one (requested -> active):
  custom:graphics/normal-map-encoding: 01000000000000000000000000000000 -> 02000000000000000000000000000000
========================================================================
Received Prepare
Registering precompiled user dll's ...
Registered in 0.011844 seconds.
Begin MonoManager ReloadAssembly
Symbol file LoadedFromMemory is not a mono symbol file
Symbol file LoadedFromMemory is not a mono symbol file
Native extension for WindowsStandalone target not found
Refreshing native plugins compatible for Editor in 1.26 ms, found 1 plugins.
Preloading 0 native plugins for Editor in 0.00 ms.
Mono: successfully reloaded assembly
- Completed reload, in  1.319 seconds
Platform modules already initialized, skipping
Switching build target platform(19) subTarget(0) extendedPlatform(0) -> platform(13) subTarget(537395200) extendedPlatform(0)
Refreshing native plugins compatible for Editor in 1.02 ms, found 1 plugins.
Preloading 0 native plugins for Editor in 0.00 ms.
Unloading 3510 Unused Serialized files (Serialized files now loaded: 0)
System memory in use before: 130.4 MB.
System memory in use after: 130.6 MB.

Unloading 59 unused Assets to reduce memory usage. Loaded Objects now: 3969.
Total: 2.562300 ms (FindLiveObjects: 0.348900 ms CreateObjectMapping: 0.204000 ms MarkObjects: 1.893100 ms  DeleteObjects: 0.115100 ms)

AssetImportParameters requested are different than current active one (requested -> active):
  custom:graphics/normal-map-encoding: 01000000000000000000000000000000 -> 02000000000000000000000000000000
========================================================================
Received Prepare
Registering precompiled user dll's ...
Registered in 0.018142 seconds.
Begin MonoManager ReloadAssembly
Symbol file LoadedFromMemory is not a mono symbol file
Symbol file LoadedFromMemory is not a mono symbol file
Native extension for WindowsStandalone target not found
Refreshing native plugins compatible for Editor in 1.08 ms, found 1 plugins.
Preloading 0 native plugins for Editor in 0.00 ms.
Mono: successfully reloaded assembly
- Completed reload, in  1.299 seconds
Platform modules already initialized, skipping
Switching build target platform(19) subTarget(0) extendedPlatform(0) -> platform(13) subTarget(537395200) extendedPlatform(0)
Refreshing native plugins compatible for Editor in 1.05 ms, found 1 plugins.
Preloading 0 native plugins for Editor in 0.00 ms.
Unloading 3510 Unused Serialized files (Serialized files now loaded: 0)
System memory in use before: 130.4 MB.
System memory in use after: 130.6 MB.

Unloading 59 unused Assets to reduce memory usage. Loaded Objects now: 3973.
Total: 2.944500 ms (FindLiveObjects: 0.412200 ms CreateObjectMapping: 0.302000 ms MarkObjects: 2.124400 ms  DeleteObjects: 0.104900 ms)

AssetImportParameters requested are different than current active one (requested -> active):
  custom:graphics/normal-map-encoding: 01000000000000000000000000000000 -> 02000000000000000000000000000000
========================================================================
Received Import Request.
  Time since last request: 1758.529925 seconds.
  path: Assets/Menu.unity
  artifactKey: Guid(e19d0174804a87440a15e69642935ade) Importer(815301076,1909f56bfc062723c751e8b465ee728b)
Start importing Assets/Menu.unity using Guid(e19d0174804a87440a15e69642935ade) Importer(815301076,1909f56bfc062723c751e8b465ee728b)  -> (artifact id: '7b6a81b6d4c8f66534cfbb491ad02153') in 0.036886 seconds 
========================================================================
Received Prepare
Registering precompiled user dll's ...
Registered in 0.016033 seconds.
Begin MonoManager ReloadAssembly
Symbol file LoadedFromMemory is not a mono symbol file
Symbol file LoadedFromMemory is not a mono symbol file
Native extension for WindowsStandalone target not found
Refreshing native plugins compatible for Editor in 1.17 ms, found 1 plugins.
Preloading 0 native plugins for Editor in 0.00 ms.
Mono: successfully reloaded assembly
- Completed reload, in  1.375 seconds
Platform modules already initialized, skipping
Switching build target platform(19) subTarget(0) extendedPlatform(0) -> platform(13) subTarget(537395200) extendedPlatform(0)
Refreshing native plugins compatible for Editor in 1.32 ms, found 1 plugins.
Preloading 0 native plugins for Editor in 0.00 ms.
Unloading 3511 Unused Serialized files (Serialized files now loaded: 0)
System memory in use before: 130.4 MB.
System memory in use after: 130.6 MB.

Unloading 59 unused Assets to reduce memory usage. Loaded Objects now: 3978.
Total: 2.893400 ms (FindLiveObjects: 0.357400 ms CreateObjectMapping: 0.442400 ms MarkObjects: 1.969900 ms  DeleteObjects: 0.122300 ms)

AssetImportParameters requested are different than current active one (requested -> active):
  custom:graphics/normal-map-encoding: 01000000000000000000000000000000 -> 02000000000000000000000000000000
========================================================================
Received Prepare
Registering precompiled user dll's ...
Registered in 0.010653 seconds.
Begin MonoManager ReloadAssembly
Symbol file LoadedFromMemory is not a mono symbol file
Symbol file LoadedFromMemory is not a mono symbol file
Native extension for WindowsStandalone target not found
Refreshing native plugins compatible for Editor in 1.19 ms, found 1 plugins.
Preloading 0 native plugins for Editor in 0.00 ms.
Mono: successfully reloaded assembly
- Completed reload, in  1.503 seconds
Platform modules already initialized, skipping
Switching build target platform(19) subTarget(0) extendedPlatform(0) -> platform(13) subTarget(537395200) extendedPlatform(0)
Refreshing native plugins compatible for Editor in 1.10 ms, found 1 plugins.
Preloading 0 native plugins for Editor in 0.00 ms.
Unloading 3511 Unused Serialized files (Serialized files now loaded: 0)
System memory in use before: 130.4 MB.
System memory in use after: 130.6 MB.

Unloading 59 unused Assets to reduce memory usage. Loaded Objects now: 3982.
Total: 3.379300 ms (FindLiveObjects: 0.485400 ms CreateObjectMapping: 0.509800 ms MarkObjects: 2.274900 ms  DeleteObjects: 0.089600 ms)

AssetImportParameters requested are different than current active one (requested -> active):
  custom:graphics/normal-map-encoding: 01000000000000000000000000000000 -> 02000000000000000000000000000000
